# JRE version: OpenJDK Runtime Environment (8.0_152-b06) (build 1.8.0_152-release-1136-b06)
# Java VM: OpenJDK 64-Bit Server VM (25.152-b06 mixed mode windows-amd64 compressed oops)
Heap:
 PSYoungGen      total 384512K, used 201452K [0x00000000e0000000, 0x00000000fdd80000, 0x0000000100000000)
  eden space 343040K, 46% used [0x00000000e0000000,0x00000000e9c3c408,0x00000000f4f00000)
  from space 41472K, 99% used [0x00000000f8c00000,0x00000000fb47ef80,0x00000000fb480000)
  to   space 62464K, 0% used [0x00000000f4f00000,0x00000000f4f00000,0x00000000f8c00000)
 ParOldGen       total 124928K, used 83186K [0x00000000a0000000, 0x00000000a7a00000, 0x00000000e0000000)
  object space 124928K, 66% used [0x00000000a0000000,0x00000000a513c958,0x00000000a7a00000)
 Metaspace       used 90771K, capacity 94191K, committed 94296K, reserved 1132544K
  class space    used 11507K, capacity 12139K, committed 12160K, reserved 1048576K
GC Heap History (10 events):
Event: 407.651 GC heap before
{Heap before GC invocations=34 (full 4):
 PSYoungGen      total 349184K, used 349158K [0x00000000e0000000, 0x00000000fb480000, 0x0000000100000000)
  eden space 312320K, 100% used [0x00000000e0000000,0x00000000f3100000,0x00000000f3100000)
  from space 36864K, 99% used [0x00000000f3100000,0x00000000f54f98d8,0x00000000f5500000)
  to   space 41472K, 0% used [0x00000000f8c00000,0x00000000f8c00000,0x00000000fb480000)
 ParOldGen       total 124928K, used 55667K [0x00000000a0000000, 0x00000000a7a00000, 0x00000000e0000000)
  object space 124928K, 44% used [0x00000000a0000000,0x00000000a365cf20,0x00000000a7a00000)
 Metaspace       used 90700K, capacity 94063K, committed 94296K, reserved 1132544K
  class space    used 11505K, capacity 12139K, committed 12160K, reserved 1048576K
Event: 407.775 GC heap after
Heap after GC invocations=34 (full 4):
 PSYoungGen      total 353792K, used 41461K [0x00000000e0000000, 0x00000000fb480000, 0x0000000100000000)
  eden space 312320K, 0% used [0x00000000e0000000,0x00000000e0000000,0x00000000f3100000)
  from space 41472K, 99% used [0x00000000f8c00000,0x00000000fb47d7e0,0x00000000fb480000)
  to   space 36864K, 0% used [0x00000000f3100000,0x00000000f3100000,0x00000000f5500000)
 ParOldGen       total 124928K, used 58298K [0x00000000a0000000, 0x00000000a7a00000, 0x00000000e0000000)
  object space 124928K, 46% used [0x00000000a0000000,0x00000000a38ee990,0x00000000a7a00000)
 Metaspace       used 90700K, capacity 94063K, committed 94296K, reserved 1132544K
  class space    used 11505K, capacity 12139K, committed 12160K, reserved 1048576K
}
Event: 411.957 GC heap before
{Heap before GC invocations=35 (full 4):
 PSYoungGen      total 353792K, used 353781K [0x00000000e0000000, 0x00000000fb480000, 0x0000000100000000)
  eden space 312320K, 100% used [0x00000000e0000000,0x00000000f3100000,0x00000000f3100000)
  from space 41472K, 99% used [0x00000000f8c00000,0x00000000fb47d7e0,0x00000000fb480000)
  to   space 36864K, 0% used [0x00000000f3100000,0x00000000f3100000,0x00000000f5500000)
 ParOldGen       total 124928K, used 58298K [0x00000000a0000000, 0x00000000a7a00000, 0x00000000e0000000)
  object space 124928K, 46% used [0x00000000a0000000,0x00000000a38ee990,0x00000000a7a00000)
 Metaspace       used 90715K, capacity 94063K, committed 94296K, reserved 1132544K
  class space    used 11505K, capacity 12139K, committed 12160K, reserved 1048576K
Event: 412.072 GC heap after
Heap after GC invocations=35 (full 4):
 PSYoungGen      total 349184K, used 36854K [0x00000000e0000000, 0x00000000fb480000, 0x0000000100000000)
  eden space 312320K, 0% used [0x00000000e0000000,0x00000000e0000000,0x00000000f3100000)
  from space 36864K, 99% used [0x00000000f3100000,0x00000000f54fd918,0x00000000f5500000)
  to   space 41472K, 0% used [0x00000000f8c00000,0x00000000f8c00000,0x00000000fb480000)
 ParOldGen       total 124928K, used 70132K [0x00000000a0000000, 0x00000000a7a00000, 0x00000000e0000000)
  object space 124928K, 56% used [0x00000000a0000000,0x00000000a447d090,0x00000000a7a00000)
 Metaspace       used 90715K, capacity 94063K, committed 94296K, reserved 1132544K
  class space    used 11505K, capacity 12139K, committed 12160K, reserved 1048576K
}
Event: 414.828 GC heap before
{Heap before GC invocations=36 (full 4):
 PSYoungGen      total 349184K, used 349174K [0x00000000e0000000, 0x00000000fb480000, 0x0000000100000000)
  eden space 312320K, 100% used [0x00000000e0000000,0x00000000f3100000,0x00000000f3100000)
  from space 36864K, 99% used [0x00000000f3100000,0x00000000f54fd918,0x00000000f5500000)
  to   space 41472K, 0% used [0x00000000f8c00000,0x00000000f8c00000,0x00000000fb480000)
 ParOldGen       total 124928K, used 70132K [0x00000000a0000000, 0x00000000a7a00000, 0x00000000e0000000)
  object space 124928K, 56% used [0x00000000a0000000,0x00000000a447d090,0x00000000a7a00000)
 Metaspace       used 90735K, capacity 94127K, committed 94296K, reserved 1132544K
  class space    used 11505K, capacity 12139K, committed 12160K, reserved 1048576K
Event: 414.975 GC heap after
Heap after GC invocations=36 (full 4):
 PSYoungGen      total 353792K, used 39659K [0x00000000e0000000, 0x00000000fb480000, 0x0000000100000000)
  eden space 312320K, 0% used [0x00000000e0000000,0x00000000e0000000,0x00000000f3100000)
  from space 41472K, 95% used [0x00000000f8c00000,0x00000000fb2baf28,0x00000000fb480000)
  to   space 36864K, 0% used [0x00000000f3100000,0x00000000f3100000,0x00000000f5500000)
 ParOldGen       total 124928K, used 74224K [0x00000000a0000000, 0x00000000a7a00000, 0x00000000e0000000)
  object space 124928K, 59% used [0x00000000a0000000,0x00000000a487c240,0x00000000a7a00000)
 Metaspace       used 90735K, capacity 94127K, committed 94296K, reserved 1132544K
  class space    used 11505K, capacity 12139K, committed 12160K, reserved 1048576K
}
Event: 418.811 GC heap before
{Heap before GC invocations=37 (full 4):
 PSYoungGen      total 353792K, used 351979K [0x00000000e0000000, 0x00000000fb480000, 0x0000000100000000)
  eden space 312320K, 100% used [0x00000000e0000000,0x00000000f3100000,0x00000000f3100000)
  from space 41472K, 95% used [0x00000000f8c00000,0x00000000fb2baf28,0x00000000fb480000)
  to   space 36864K, 0% used [0x00000000f3100000,0x00000000f3100000,0x00000000f5500000)
 ParOldGen       total 124928K, used 74224K [0x00000000a0000000, 0x00000000a7a00000, 0x00000000e0000000)
  object space 124928K, 59% used [0x00000000a0000000,0x00000000a487c240,0x00000000a7a00000)
 Metaspace       used 90742K, capacity 94127K, committed 94296K, reserved 1132544K
  class space    used 11506K, capacity 12139K, committed 12160K, reserved 1048576K
Event: 419.013 GC heap after
Heap after GC invocations=37 (full 4):
 PSYoungGen      total 349184K, used 36843K [0x00000000e0000000, 0x00000000fb480000, 0x0000000100000000)
  eden space 312320K, 0% used [0x00000000e0000000,0x00000000e0000000,0x00000000f3100000)
  from space 36864K, 99% used [0x00000000f3100000,0x00000000f54faf90,0x00000000f5500000)
  to   space 41472K, 0% used [0x00000000f8c00000,0x00000000f8c00000,0x00000000fb480000)
 ParOldGen       total 124928K, used 81614K [0x00000000a0000000, 0x00000000a7a00000, 0x00000000e0000000)
  object space 124928K, 65% used [0x00000000a0000000,0x00000000a4fb3918,0x00000000a7a00000)
 Metaspace       used 90742K, capacity 94127K, committed 94296K, reserved 1132544K
  class space    used 11506K, capacity 12139K, committed 12160K, reserved 1048576K
}
Event: 421.415 GC heap before
{Heap before GC invocations=38 (full 4):
 PSYoungGen      total 349184K, used 349163K [0x00000000e0000000, 0x00000000fb480000, 0x0000000100000000)
  eden space 312320K, 100% used [0x00000000e0000000,0x00000000f3100000,0x00000000f3100000)
  from space 36864K, 99% used [0x00000000f3100000,0x00000000f54faf90,0x00000000f5500000)
  to   space 41472K, 0% used [0x00000000f8c00000,0x00000000f8c00000,0x00000000fb480000)
 ParOldGen       total 124928K, used 81614K [0x00000000a0000000, 0x00000000a7a00000, 0x00000000e0000000)
  object space 124928K, 65% used [0x00000000a0000000,0x00000000a4fb3918,0x00000000a7a00000)
 Metaspace       used 90767K, capacity 94191K, committed 94296K, reserved 1132544K
  class space    used 11506K, capacity 12139K, committed 12160K, reserved 1048576K
Event: 421.516 GC heap after
Heap after GC invocations=38 (full 4):
 PSYoungGen      total 384512K, used 41467K [0x00000000e0000000, 0x00000000fdd80000, 0x0000000100000000)
  eden space 343040K, 0% used [0x00000000e0000000,0x00000000e0000000,0x00000000f4f00000)
  from space 41472K, 99% used [0x00000000f8c00000,0x00000000fb47ef80,0x00000000fb480000)
  to   space 62464K, 0% used [0x00000000f4f00000,0x00000000f4f00000,0x00000000f8c00000)
 ParOldGen       total 124928K, used 83186K [0x00000000a0000000, 0x00000000a7a00000, 0x00000000e0000000)
  object space 124928K, 66% used [0x00000000a0000000,0x00000000a513c958,0x00000000a7a00000)
 Metaspace       used 90767K, capacity 94191K, committed 94296K, reserved 1132544K
  class space    used 11506K, capacity 12139K, committed 12160K, reserved 1048576K
}

